[2022-09-28T02:58:20.387Z] Log level: Info
[2022-09-28T02:58:20.388Z] [info] Validating found git in: git
[2022-09-28T02:58:20.392Z] [info] Using git 2.37.3 from git
[2022-09-28T02:58:20.398Z] > git rev-parse --show-toplevel [2ms]
[2022-09-28T02:58:20.515Z] > git rev-parse --git-dir --git-common-dir [114ms]
[2022-09-28T02:58:20.518Z] [info] Open repository: /home/hashino/GitHub/dotfiles
[2022-09-28T02:58:20.533Z] > git rev-parse --show-toplevel [7ms]
[2022-09-28T02:58:20.536Z] > git rev-parse --show-toplevel [0ms]
[2022-09-28T02:58:20.539Z] > git rev-parse --show-toplevel [1ms]
[2022-09-28T02:58:20.591Z] > git status -z -uall [68ms]
[2022-09-28T02:58:20.618Z] > git symbolic-ref --short HEAD [24ms]
[2022-09-28T02:58:20.626Z] > git for-each-ref --format=%(refname)%00%(upstream:short)%00%(objectname)%00%(upstream:track)%00%(upstream:remotename)%00%(upstream:remoteref) refs/heads/main refs/remotes/main [5ms]
[2022-09-28T02:58:20.630Z] > git remote --verbose [1ms]
[2022-09-28T02:58:20.630Z] > git for-each-ref --sort -committerdate --format %(refname) %(objectname) %(*objectname) [2ms]
[2022-09-28T02:58:20.637Z] > git config --get commit.template [1ms]
[2022-09-28T02:58:20.671Z] > git rev-parse --show-toplevel [6ms]
[2022-09-28T02:58:20.693Z] > git status -z -uall [53ms]
[2022-09-28T02:58:20.696Z] > git symbolic-ref --short HEAD [1ms]
[2022-09-28T02:58:20.698Z] > git for-each-ref --format=%(refname)%00%(upstream:short)%00%(objectname)%00%(upstream:track)%00%(upstream:remotename)%00%(upstream:remoteref) refs/heads/main refs/remotes/main [1ms]
[2022-09-28T02:58:20.702Z] > git for-each-ref --sort -committerdate --format %(refname) %(objectname) %(*objectname) [2ms]
[2022-09-28T02:58:20.702Z] > git remote --verbose [1ms]
[2022-09-28T02:58:20.707Z] > git config --get commit.template [1ms]
[2022-09-28T02:58:20.924Z] > git fetch [403ms]
[2022-09-28T02:58:20.978Z] > git status -z -uall [51ms]
[2022-09-28T02:58:20.981Z] > git symbolic-ref --short HEAD [1ms]
[2022-09-28T02:58:20.983Z] > git for-each-ref --format=%(refname)%00%(upstream:short)%00%(objectname)%00%(upstream:track)%00%(upstream:remotename)%00%(upstream:remoteref) refs/heads/main refs/remotes/main [0ms]
[2022-09-28T02:58:20.986Z] > git for-each-ref --sort -committerdate --format %(refname) %(objectname) %(*objectname) [1ms]
[2022-09-28T02:58:20.986Z] > git remote --verbose [0ms]
[2022-09-28T02:58:20.989Z] > git config --get commit.template [1ms]
[2022-09-28T02:58:31.327Z] > git rev-parse --show-toplevel [1ms]
[2022-09-28T02:58:32.604Z] > git rev-parse --show-toplevel [1ms]
[2022-09-28T02:58:35.185Z] > git rev-parse --show-toplevel [1ms]
[2022-09-28T02:58:37.392Z] > git rev-parse --show-toplevel [0ms]
[2022-09-28T02:58:42.242Z] > git status -z -uall [54ms]
[2022-09-28T02:58:42.245Z] > git symbolic-ref --short HEAD [0ms]
[2022-09-28T02:58:42.247Z] > git for-each-ref --format=%(refname)%00%(upstream:short)%00%(objectname)%00%(upstream:track)%00%(upstream:remotename)%00%(upstream:remoteref) refs/heads/main refs/remotes/main [0ms]
[2022-09-28T02:58:42.250Z] > git for-each-ref --sort -committerdate --format %(refname) %(objectname) %(*objectname) [1ms]
[2022-09-28T02:58:42.251Z] > git remote --verbose [1ms]
[2022-09-28T02:58:42.255Z] > git config --get commit.template [1ms]
[2022-09-28T02:58:47.312Z] > git status -z -uall [51ms]
[2022-09-28T02:58:47.314Z] > git symbolic-ref --short HEAD [0ms]
[2022-09-28T02:58:47.316Z] > git for-each-ref --format=%(refname)%00%(upstream:short)%00%(objectname)%00%(upstream:track)%00%(upstream:remotename)%00%(upstream:remoteref) refs/heads/main refs/remotes/main [0ms]
[2022-09-28T02:58:47.319Z] > git for-each-ref --sort -committerdate --format %(refname) %(objectname) %(*objectname) [1ms]
[2022-09-28T02:58:47.319Z] > git remote --verbose [0ms]
[2022-09-28T02:58:47.322Z] > git config --get commit.template [1ms]
[2022-09-28T02:58:52.378Z] > git status -z -uall [51ms]
[2022-09-28T02:58:52.381Z] > git symbolic-ref --short HEAD [1ms]
[2022-09-28T02:58:52.383Z] > git for-each-ref --format=%(refname)%00%(upstream:short)%00%(objectname)%00%(upstream:track)%00%(upstream:remotename)%00%(upstream:remoteref) refs/heads/main refs/remotes/main [1ms]
[2022-09-28T02:58:52.385Z] > git for-each-ref --sort -committerdate --format %(refname) %(objectname) %(*objectname) [1ms]
[2022-09-28T02:58:52.386Z] > git remote --verbose [1ms]
[2022-09-28T02:58:52.388Z] > git config --get commit.template [0ms]
[2022-09-28T02:58:55.086Z] > git rev-parse --show-toplevel [0ms]
[2022-09-28T02:59:36.432Z] > git status -z -uall [51ms]
[2022-09-28T02:59:36.435Z] > git symbolic-ref --short HEAD [1ms]
[2022-09-28T02:59:36.437Z] > git for-each-ref --format=%(refname)%00%(upstream:short)%00%(objectname)%00%(upstream:track)%00%(upstream:remotename)%00%(upstream:remoteref) refs/heads/main refs/remotes/main [1ms]
[2022-09-28T02:59:36.439Z] > git for-each-ref --sort -committerdate --format %(refname) %(objectname) %(*objectname) [1ms]
[2022-09-28T02:59:36.440Z] > git remote --verbose [1ms]
[2022-09-28T02:59:36.442Z] > git config --get commit.template [0ms]
[2022-09-28T03:00:56.417Z] > git status -z -uall [56ms]
[2022-09-28T03:00:56.419Z] > git symbolic-ref --short HEAD [0ms]
[2022-09-28T03:00:56.421Z] > git for-each-ref --format=%(refname)%00%(upstream:short)%00%(objectname)%00%(upstream:track)%00%(upstream:remotename)%00%(upstream:remoteref) refs/heads/main refs/remotes/main [0ms]
[2022-09-28T03:00:56.424Z] > git for-each-ref --sort -committerdate --format %(refname) %(objectname) %(*objectname) [1ms]
[2022-09-28T03:00:56.424Z] > git remote --verbose [0ms]
[2022-09-28T03:00:56.427Z] > git config --get commit.template [1ms]
[2022-09-28T03:01:21.397Z] > git fetch [405ms]
[2022-09-28T03:01:21.452Z] > git status -z -uall [52ms]
[2022-09-28T03:01:21.454Z] > git symbolic-ref --short HEAD [0ms]
[2022-09-28T03:01:21.456Z] > git for-each-ref --format=%(refname)%00%(upstream:short)%00%(objectname)%00%(upstream:track)%00%(upstream:remotename)%00%(upstream:remoteref) refs/heads/main refs/remotes/main [0ms]
[2022-09-28T03:01:21.459Z] > git for-each-ref --sort -committerdate --format %(refname) %(objectname) %(*objectname) [2ms]
[2022-09-28T03:01:21.459Z] > git remote --verbose [0ms]
[2022-09-28T03:01:21.462Z] > git config --get commit.template [1ms]
[2022-09-28T03:01:25.889Z] > git status -z -uall [51ms]
[2022-09-28T03:01:25.892Z] > git symbolic-ref --short HEAD [1ms]
[2022-09-28T03:01:25.894Z] > git for-each-ref --format=%(refname)%00%(upstream:short)%00%(objectname)%00%(upstream:track)%00%(upstream:remotename)%00%(upstream:remoteref) refs/heads/main refs/remotes/main [1ms]
[2022-09-28T03:01:25.896Z] > git for-each-ref --sort -committerdate --format %(refname) %(objectname) %(*objectname) [1ms]
[2022-09-28T03:01:25.897Z] > git remote --verbose [1ms]
[2022-09-28T03:01:25.899Z] > git config --get commit.template [0ms]
[2022-09-28T03:01:37.519Z] > git status -z -uall [53ms]
[2022-09-28T03:01:37.521Z] > git symbolic-ref --short HEAD [0ms]
[2022-09-28T03:01:37.523Z] > git for-each-ref --format=%(refname)%00%(upstream:short)%00%(objectname)%00%(upstream:track)%00%(upstream:remotename)%00%(upstream:remoteref) refs/heads/main refs/remotes/main [0ms]
[2022-09-28T03:01:37.526Z] > git for-each-ref --sort -committerdate --format %(refname) %(objectname) %(*objectname) [1ms]
[2022-09-28T03:01:37.526Z] > git remote --verbose [0ms]
[2022-09-28T03:01:37.529Z] > git config --get commit.template [0ms]
[2022-09-28T03:01:49.171Z] > git rev-parse --show-toplevel [1ms]
[2022-09-28T03:02:05.722Z] > git status -z -uall [56ms]
[2022-09-28T03:02:05.725Z] > git symbolic-ref --short HEAD [0ms]
[2022-09-28T03:02:05.728Z] > git for-each-ref --format=%(refname)%00%(upstream:short)%00%(objectname)%00%(upstream:track)%00%(upstream:remotename)%00%(upstream:remoteref) refs/heads/main refs/remotes/main [1ms]
[2022-09-28T03:02:05.731Z] > git for-each-ref --sort -committerdate --format %(refname) %(objectname) %(*objectname) [2ms]
[2022-09-28T03:02:05.731Z] > git remote --verbose [0ms]
[2022-09-28T03:02:05.733Z] > git config --get commit.template [0ms]
[2022-09-28T03:02:10.789Z] > git status -z -uall [51ms]
[2022-09-28T03:02:10.792Z] > git symbolic-ref --short HEAD [1ms]
[2022-09-28T03:02:10.794Z] > git for-each-ref --format=%(refname)%00%(upstream:short)%00%(objectname)%00%(upstream:track)%00%(upstream:remotename)%00%(upstream:remoteref) refs/heads/main refs/remotes/main [1ms]
[2022-09-28T03:02:10.797Z] > git for-each-ref --sort -committerdate --format %(refname) %(objectname) %(*objectname) [2ms]
[2022-09-28T03:02:10.797Z] > git remote --verbose [0ms]
[2022-09-28T03:02:10.799Z] > git config --get commit.template [0ms]
[2022-09-28T03:02:25.951Z] > git rev-parse --show-toplevel [1ms]
[2022-09-28T03:02:30.344Z] > git rev-parse --show-toplevel [0ms]
[2022-09-28T03:02:31.495Z] > git rev-parse --show-toplevel [1ms]
[2022-09-28T03:03:20.626Z] > git rev-parse --show-toplevel [0ms]
[2022-09-28T03:03:26.822Z] > git rev-parse --show-toplevel [1ms]
