[2022-09-28T15:51:07.016Z] Log level: Info
[2022-09-28T15:51:07.017Z] [info] Validating found git in: git
[2022-09-28T15:51:07.021Z] [info] Using git 2.37.3 from git
[2022-09-28T15:51:07.028Z] > git rev-parse --show-toplevel [2ms]
[2022-09-28T15:51:07.141Z] > git rev-parse --git-dir --git-common-dir [109ms]
[2022-09-28T15:51:07.145Z] [info] Open repository: /home/hashino/GitHub/dotfiles
[2022-09-28T15:51:07.153Z] > git rev-parse --show-toplevel [1ms]
[2022-09-28T15:51:07.155Z] > git rev-parse --show-toplevel [0ms]
[2022-09-28T15:51:07.158Z] > git rev-parse --show-toplevel [1ms]
[2022-09-28T15:51:07.161Z] > git status -z -uall [11ms]
[2022-09-28T15:51:07.164Z] > git symbolic-ref --short HEAD [1ms]
[2022-09-28T15:51:07.166Z] > git for-each-ref --format=%(refname)%00%(upstream:short)%00%(objectname)%00%(upstream:track)%00%(upstream:remotename)%00%(upstream:remoteref) refs/heads/main refs/remotes/main [1ms]
[2022-09-28T15:51:07.169Z] > git remote --verbose [0ms]
[2022-09-28T15:51:07.170Z] > git for-each-ref --sort -committerdate --format %(refname) %(objectname) %(*objectname) [3ms]
[2022-09-28T15:51:07.192Z] > git config --get commit.template [1ms]
[2022-09-28T15:51:07.347Z] > git status -z -uall [152ms]
[2022-09-28T15:51:07.351Z] > git symbolic-ref --short HEAD [2ms]
[2022-09-28T15:51:07.352Z] > git rev-parse --show-toplevel [5ms]
[2022-09-28T15:51:07.373Z] > git for-each-ref --format=%(refname)%00%(upstream:short)%00%(objectname)%00%(upstream:track)%00%(upstream:remotename)%00%(upstream:remoteref) refs/heads/main refs/remotes/main [21ms]
[2022-09-28T15:51:07.378Z] > git remote --verbose [1ms]
[2022-09-28T15:51:07.378Z] > git for-each-ref --sort -committerdate --format %(refname) %(objectname) %(*objectname) [3ms]
[2022-09-28T15:51:07.413Z] > git config --get commit.template [9ms]
[2022-09-28T15:51:07.604Z] > git fetch [456ms]
[2022-09-28T15:51:07.618Z] > git status -z -uall [11ms]
[2022-09-28T15:51:07.623Z] > git symbolic-ref --short HEAD [1ms]
[2022-09-28T15:51:07.626Z] > git for-each-ref --format=%(refname)%00%(upstream:short)%00%(objectname)%00%(upstream:track)%00%(upstream:remotename)%00%(upstream:remoteref) refs/heads/main refs/remotes/main [1ms]
[2022-09-28T15:51:07.631Z] > git for-each-ref --sort -committerdate --format %(refname) %(objectname) %(*objectname) [3ms]
[2022-09-28T15:51:07.632Z] > git remote --verbose [2ms]
[2022-09-28T15:51:07.650Z] > git config --get commit.template [4ms]
