[2022-09-28T02:53:39.857Z] Log level: Info
[2022-09-28T02:53:39.857Z] [info] Validating found git in: git
[2022-09-28T02:53:39.862Z] [info] Using git 2.37.3 from git
[2022-09-28T02:53:39.868Z] > git rev-parse --show-toplevel [1ms]
[2022-09-28T02:53:39.872Z] > git rev-parse --git-dir --git-common-dir [1ms]
[2022-09-28T02:53:39.875Z] [info] Open repository: /home/hashino/GitHub/dotfiles
[2022-09-28T02:53:40.004Z] > git status -z -uall [123ms]
[2022-09-28T02:53:40.007Z] > git rev-parse --show-toplevel [124ms]
[2022-09-28T02:53:40.017Z] > git symbolic-ref --short HEAD [10ms]
[2022-09-28T02:53:40.021Z] > git rev-parse --show-toplevel [12ms]
[2022-09-28T02:53:40.021Z] > git for-each-ref --format=%(refname)%00%(upstream:short)%00%(objectname)%00%(upstream:track)%00%(upstream:remotename)%00%(upstream:remoteref) refs/heads/main refs/remotes/main [1ms]
[2022-09-28T02:53:40.025Z] > git remote --verbose [1ms]
[2022-09-28T02:53:40.025Z] > git for-each-ref --sort -committerdate --format %(refname) %(objectname) %(*objectname) [2ms]
[2022-09-28T02:53:40.033Z] > git config --get commit.template [3ms]
[2022-09-28T02:53:40.110Z] > git status -z -uall [74ms]
[2022-09-28T02:53:40.115Z] > git symbolic-ref --short HEAD [2ms]
[2022-09-28T02:53:40.119Z] > git for-each-ref --format=%(refname)%00%(upstream:short)%00%(objectname)%00%(upstream:track)%00%(upstream:remotename)%00%(upstream:remoteref) refs/heads/main refs/remotes/main [1ms]
[2022-09-28T02:53:40.123Z] > git for-each-ref --sort -committerdate --format %(refname) %(objectname) %(*objectname) [2ms]
[2022-09-28T02:53:40.124Z] > git remote --verbose [2ms]
[2022-09-28T02:53:40.127Z] > git config --get commit.template [1ms]
[2022-09-28T02:53:40.235Z] > git rev-parse --show-toplevel [7ms]
[2022-09-28T02:53:40.263Z] > git fetch [384ms]
[2022-09-28T02:53:40.315Z] > git status -z -uall [49ms]
[2022-09-28T02:53:40.318Z] > git symbolic-ref --short HEAD [0ms]
[2022-09-28T02:53:40.320Z] > git for-each-ref --format=%(refname)%00%(upstream:short)%00%(objectname)%00%(upstream:track)%00%(upstream:remotename)%00%(upstream:remoteref) refs/heads/main refs/remotes/main [0ms]
[2022-09-28T02:53:40.324Z] > git for-each-ref --sort -committerdate --format %(refname) %(objectname) %(*objectname) [2ms]
[2022-09-28T02:53:40.324Z] > git remote --verbose [1ms]
[2022-09-28T02:53:40.327Z] > git config --get commit.template [1ms]
