[2022-09-28T02:57:48.608Z] Log level: Info
[2022-09-28T02:57:48.609Z] [info] Validating found git in: git
[2022-09-28T02:57:48.615Z] [info] Using git 2.37.3 from git
[2022-09-28T02:57:48.622Z] > git rev-parse --show-toplevel [2ms]
[2022-09-28T02:57:48.622Z] fatal: not a git repository (or any of the parent directories): .git
[2022-09-28T02:57:48.627Z] > git rev-parse --show-toplevel [2ms]
[2022-09-28T02:57:48.630Z] > git rev-parse --git-dir --git-common-dir [1ms]
[2022-09-28T02:57:48.634Z] [info] Open repository: /home/hashino/.config/BetterDiscord
[2022-09-28T02:57:48.643Z] > git rev-parse --show-toplevel [1ms]
[2022-09-28T02:57:48.643Z] fatal: not a git repository (or any of the parent directories): .git
[2022-09-28T02:57:48.646Z] > git rev-parse --show-toplevel [1ms]
[2022-09-28T02:57:48.646Z] fatal: not a git repository (or any of the parent directories): .git
[2022-09-28T02:57:48.757Z] > git status -z -uall [117ms]
[2022-09-28T02:57:48.760Z] > git rev-parse --show-toplevel [113ms]
[2022-09-28T02:57:48.760Z] fatal: not a git repository (or any of the parent directories): .git
[2022-09-28T02:57:48.764Z] > git rev-parse --show-toplevel [2ms]
[2022-09-28T02:57:48.764Z] fatal: not a git repository (or any of the parent directories): .git
[2022-09-28T02:57:48.765Z] > git symbolic-ref --short HEAD [5ms]
[2022-09-28T02:57:48.776Z] > git rev-parse --show-toplevel [11ms]
[2022-09-28T02:57:48.776Z] fatal: not a git repository (or any of the parent directories): .git
[2022-09-28T02:57:48.779Z] > git for-each-ref --format=%(refname)%00%(upstream:short)%00%(objectname)%00%(upstream:track)%00%(upstream:remotename)%00%(upstream:remoteref) refs/heads/main refs/remotes/main [10ms]
[2022-09-28T02:57:48.784Z] > git remote --verbose [1ms]
[2022-09-28T02:57:48.784Z] > git rev-parse --show-toplevel [6ms]
[2022-09-28T02:57:48.784Z] fatal: not a git repository (or any of the parent directories): .git
[2022-09-28T02:57:48.788Z] > git rev-parse --show-toplevel [3ms]
[2022-09-28T02:57:48.788Z] fatal: not a git repository (or any of the parent directories): .git
[2022-09-28T02:57:48.790Z] > git rev-parse --show-toplevel [1ms]
[2022-09-28T02:57:48.790Z] fatal: not a git repository (or any of the parent directories): .git
[2022-09-28T02:57:48.792Z] > git rev-parse --show-toplevel [0ms]
[2022-09-28T02:57:48.792Z] fatal: not a git repository (or any of the parent directories): .git
[2022-09-28T02:57:48.831Z] > git rev-parse --show-toplevel [37ms]
[2022-09-28T02:57:48.831Z] fatal: not a git repository (or any of the parent directories): .git
[2022-09-28T02:57:48.840Z] > git for-each-ref --sort -committerdate --format %(refname) %(objectname) %(*objectname) [59ms]
[2022-09-28T02:57:48.850Z] > git rev-parse --show-toplevel [16ms]
[2022-09-28T02:57:48.850Z] fatal: not a git repository (or any of the parent directories): .git
[2022-09-28T02:57:48.873Z] > git config --get commit.template [26ms]
[2022-09-28T02:57:48.893Z] > git rev-parse --show-toplevel [42ms]
[2022-09-28T02:57:48.893Z] fatal: not a git repository (or any of the parent directories): .git
[2022-09-28T02:57:48.900Z] > git rev-parse --show-toplevel [4ms]
[2022-09-28T02:57:48.900Z] fatal: not a git repository (or any of the parent directories): .git
[2022-09-28T02:57:48.904Z] > git rev-parse --show-toplevel [2ms]
[2022-09-28T02:57:48.904Z] fatal: not a git repository (or any of the parent directories): .git
[2022-09-28T02:57:48.907Z] > git rev-parse --show-toplevel [1ms]
[2022-09-28T02:57:48.907Z] fatal: not a git repository (or any of the parent directories): .git
[2022-09-28T02:57:48.909Z] > git rev-parse --show-toplevel [0ms]
[2022-09-28T02:57:48.909Z] fatal: not a git repository (or any of the parent directories): .git
[2022-09-28T02:57:48.913Z] > git rev-parse --show-toplevel [2ms]
[2022-09-28T02:57:48.913Z] fatal: not a git repository (or any of the parent directories): .git
[2022-09-28T02:57:48.915Z] > git rev-parse --show-toplevel [0ms]
[2022-09-28T02:57:48.915Z] fatal: not a git repository (or any of the parent directories): .git
[2022-09-28T02:57:48.922Z] > git rev-parse --show-toplevel [5ms]
[2022-09-28T02:57:48.922Z] fatal: not a git repository (or any of the parent directories): .git
[2022-09-28T02:57:48.926Z] > git rev-parse --show-toplevel [2ms]
[2022-09-28T02:57:48.926Z] fatal: not a git repository (or any of the parent directories): .git
[2022-09-28T02:57:48.928Z] > git status -z -uall [51ms]
[2022-09-28T02:57:48.930Z] > git rev-parse --show-toplevel [3ms]
[2022-09-28T02:57:48.930Z] fatal: not a git repository (or any of the parent directories): .git
[2022-09-28T02:57:48.932Z] > git symbolic-ref --short HEAD [3ms]
[2022-09-28T02:57:48.934Z] > git rev-parse --show-toplevel [3ms]
[2022-09-28T02:57:48.934Z] fatal: not a git repository (or any of the parent directories): .git
[2022-09-28T02:57:48.937Z] > git for-each-ref --format=%(refname)%00%(upstream:short)%00%(objectname)%00%(upstream:track)%00%(upstream:remotename)%00%(upstream:remoteref) refs/heads/main refs/remotes/main [3ms]
[2022-09-28T02:57:48.940Z] > git for-each-ref --sort -committerdate --format %(refname) %(objectname) %(*objectname) [2ms]
[2022-09-28T02:57:48.941Z] > git rev-parse --show-toplevel [5ms]
[2022-09-28T02:57:48.941Z] fatal: not a git repository (or any of the parent directories): .git
[2022-09-28T02:57:48.947Z] > git rev-parse --show-toplevel [5ms]
[2022-09-28T02:57:48.947Z] fatal: not a git repository (or any of the parent directories): .git
[2022-09-28T02:57:48.949Z] > git remote --verbose [9ms]
[2022-09-28T02:57:48.953Z] > git rev-parse --show-toplevel [4ms]
[2022-09-28T02:57:48.956Z] > git config --get commit.template [4ms]
[2022-09-28T02:57:48.956Z] > git rev-parse --git-dir --git-common-dir [2ms]
[2022-09-28T02:57:48.957Z] [info] Open repository: /home/hashino/.config/powercord
[2022-09-28T02:57:48.963Z] > git rev-parse --show-toplevel [1ms]
[2022-09-28T02:57:48.963Z] fatal: not a git repository (or any of the parent directories): .git
[2022-09-28T02:57:48.965Z] > git status -z -uall [4ms]
[2022-09-28T02:57:48.969Z] > git rev-parse --show-toplevel [4ms]
[2022-09-28T02:57:48.969Z] fatal: not a git repository (or any of the parent directories): .git
[2022-09-28T02:57:48.973Z] > git symbolic-ref --short HEAD [6ms]
[2022-09-28T02:57:48.975Z] > git rev-parse --show-toplevel [3ms]
[2022-09-28T02:57:48.975Z] fatal: not a git repository (or any of the parent directories): .git
[2022-09-28T02:57:48.977Z] > git for-each-ref --format=%(refname)%00%(upstream:short)%00%(objectname)%00%(upstream:track)%00%(upstream:remotename)%00%(upstream:remoteref) refs/heads/v2 refs/remotes/v2 [3ms]
[2022-09-28T02:57:48.980Z] > git for-each-ref --sort -committerdate --format %(refname) %(objectname) %(*objectname) [2ms]
[2022-09-28T02:57:48.980Z] > git rev-parse --show-toplevel [4ms]
[2022-09-28T02:57:48.980Z] fatal: not a git repository (or any of the parent directories): .git
[2022-09-28T02:57:48.982Z] > git remote --verbose [3ms]
[2022-09-28T02:57:48.987Z] > git rev-parse --show-toplevel [5ms]
[2022-09-28T02:57:48.987Z] fatal: not a git repository (or any of the parent directories): .git
[2022-09-28T02:57:48.989Z] > git config --get commit.template [2ms]
[2022-09-28T02:57:48.989Z] > git rev-parse --show-toplevel [1ms]
[2022-09-28T02:57:48.989Z] fatal: not a git repository (or any of the parent directories): .git
[2022-09-28T02:57:48.992Z] > git rev-parse --show-toplevel [1ms]
[2022-09-28T02:57:48.992Z] fatal: not a git repository (or any of the parent directories): .git
[2022-09-28T02:57:48.996Z] > git rev-parse --show-toplevel [2ms]
[2022-09-28T02:57:48.996Z] fatal: not a git repository (or any of the parent directories): .git
[2022-09-28T02:57:48.998Z] > git rev-parse --show-toplevel [0ms]
[2022-09-28T02:57:48.998Z] fatal: not a git repository (or any of the parent directories): .git
[2022-09-28T02:57:49.000Z] > git rev-parse --show-toplevel [0ms]
[2022-09-28T02:57:49.000Z] fatal: not a git repository (or any of the parent directories): .git
[2022-09-28T02:57:49.003Z] > git rev-parse --show-toplevel [2ms]
[2022-09-28T02:57:49.003Z] fatal: not a git repository (or any of the parent directories): .git
[2022-09-28T02:57:49.253Z] > git fetch [615ms]
[2022-09-28T02:57:49.253Z] From https://github.com/BetterDiscord/BetterDiscord
   99ad226..b2aae54  main       -> origin/main
   6d37fb6..90b2870  electron17 -> origin/electron17
 * [new tag]         v1.7.0     -> v1.7.0
[2022-09-28T02:57:49.301Z] > git status -z -uall [46ms]
[2022-09-28T02:57:49.304Z] > git symbolic-ref --short HEAD [0ms]
[2022-09-28T02:57:49.307Z] > git for-each-ref --format=%(refname)%00%(upstream:short)%00%(objectname)%00%(upstream:track)%00%(upstream:remotename)%00%(upstream:remoteref) refs/heads/main refs/remotes/main [1ms]
[2022-09-28T02:57:49.310Z] > git for-each-ref --sort -committerdate --format %(refname) %(objectname) %(*objectname) [2ms]
[2022-09-28T02:57:49.310Z] > git remote --verbose [0ms]
[2022-09-28T02:57:49.314Z] > git config --get commit.template [0ms]
[2022-09-28T02:57:49.360Z] > git fetch [401ms]
[2022-09-28T02:57:49.364Z] > git status -z -uall [1ms]
[2022-09-28T02:57:49.366Z] > git symbolic-ref --short HEAD [0ms]
[2022-09-28T02:57:49.369Z] > git for-each-ref --format=%(refname)%00%(upstream:short)%00%(objectname)%00%(upstream:track)%00%(upstream:remotename)%00%(upstream:remoteref) refs/heads/v2 refs/remotes/v2 [1ms]
[2022-09-28T02:57:49.372Z] > git for-each-ref --sort -committerdate --format %(refname) %(objectname) %(*objectname) [2ms]
[2022-09-28T02:57:49.372Z] > git remote --verbose [0ms]
[2022-09-28T02:57:49.377Z] > git config --get commit.template [0ms]
[2022-09-28T02:57:49.496Z] > git check-ignore -v -z --stdin [25ms]
[2022-09-28T02:57:49.496Z] > git check-ignore -v -z --stdin [23ms]
